-------------------------------------------------------------------------------
Test set: tests.core.utils.DatabaseConnectionManagerTest
-------------------------------------------------------------------------------
Tests run: 4, Failures: 0, Errors: 4, Skipped: 0, Time elapsed: 0.820 s <<< FAILURE! -- in tests.core.utils.DatabaseConnectionManagerTest
tests.core.utils.DatabaseConnectionManagerTest.testGetInstanceReturnsSingleton -- Time elapsed: 0.795 s <<< ERROR!
java.sql.SQLSyntaxErrorException: Unknown database 'db_sysos_over_the_counter'
	at com.mysql.cj.jdbc.exceptions.SQLError.createSQLException(SQLError.java:112)
	at com.mysql.cj.jdbc.exceptions.SQLExceptionsMapping.translateException(SQLExceptionsMapping.java:114)
	at com.mysql.cj.jdbc.ConnectionImpl.createNewIO(ConnectionImpl.java:833)
	at com.mysql.cj.jdbc.ConnectionImpl.<init>(ConnectionImpl.java:416)
	at com.mysql.cj.jdbc.ConnectionImpl.getInstance(ConnectionImpl.java:238)
	at com.mysql.cj.jdbc.NonRegisteringDriver.connect(NonRegisteringDriver.java:180)
	at java.sql/java.sql.DriverManager.getConnection(DriverManager.java:681)
	at java.sql/java.sql.DriverManager.getConnection(DriverManager.java:229)
	at core.utils.DatabaseConnectionManager.createConnection(DatabaseConnectionManager.java:43)
	at core.utils.DatabaseConnectionManager.<init>(DatabaseConnectionManager.java:21)
	at core.utils.DatabaseConnectionManager.getInstance(DatabaseConnectionManager.java:28)
	at tests.core.utils.DatabaseConnectionManagerTest.testGetInstanceReturnsSingleton(DatabaseConnectionManagerTest.java:17)
	at java.base/java.lang.reflect.Method.invoke(Method.java:568)
	at java.base/java.util.ArrayList.forEach(ArrayList.java:1511)
	at java.base/java.util.ArrayList.forEach(ArrayList.java:1511)

tests.core.utils.DatabaseConnectionManagerTest.testGetConnectionReturnsValidConnection -- Time elapsed: 0.007 s <<< ERROR!
java.sql.SQLSyntaxErrorException: Unknown database 'db_sysos_over_the_counter'
	at com.mysql.cj.jdbc.exceptions.SQLError.createSQLException(SQLError.java:112)
	at com.mysql.cj.jdbc.exceptions.SQLExceptionsMapping.translateException(SQLExceptionsMapping.java:114)
	at com.mysql.cj.jdbc.ConnectionImpl.createNewIO(ConnectionImpl.java:833)
	at com.mysql.cj.jdbc.ConnectionImpl.<init>(ConnectionImpl.java:416)
	at com.mysql.cj.jdbc.ConnectionImpl.getInstance(ConnectionImpl.java:238)
	at com.mysql.cj.jdbc.NonRegisteringDriver.connect(NonRegisteringDriver.java:180)
	at java.sql/java.sql.DriverManager.getConnection(DriverManager.java:681)
	at java.sql/java.sql.DriverManager.getConnection(DriverManager.java:229)
	at core.utils.DatabaseConnectionManager.createConnection(DatabaseConnectionManager.java:43)
	at core.utils.DatabaseConnectionManager.<init>(DatabaseConnectionManager.java:21)
	at core.utils.DatabaseConnectionManager.getInstance(DatabaseConnectionManager.java:28)
	at tests.core.utils.DatabaseConnectionManagerTest.testGetConnectionReturnsValidConnection(DatabaseConnectionManagerTest.java:27)
	at java.base/java.lang.reflect.Method.invoke(Method.java:568)
	at java.base/java.util.ArrayList.forEach(ArrayList.java:1511)
	at java.base/java.util.ArrayList.forEach(ArrayList.java:1511)

tests.core.utils.DatabaseConnectionManagerTest.testConnectionReopensIfClosed -- Time elapsed: 0.007 s <<< ERROR!
java.sql.SQLSyntaxErrorException: Unknown database 'db_sysos_over_the_counter'
	at com.mysql.cj.jdbc.exceptions.SQLError.createSQLException(SQLError.java:112)
	at com.mysql.cj.jdbc.exceptions.SQLExceptionsMapping.translateException(SQLExceptionsMapping.java:114)
	at com.mysql.cj.jdbc.ConnectionImpl.createNewIO(ConnectionImpl.java:833)
	at com.mysql.cj.jdbc.ConnectionImpl.<init>(ConnectionImpl.java:416)
	at com.mysql.cj.jdbc.ConnectionImpl.getInstance(ConnectionImpl.java:238)
	at com.mysql.cj.jdbc.NonRegisteringDriver.connect(NonRegisteringDriver.java:180)
	at java.sql/java.sql.DriverManager.getConnection(DriverManager.java:681)
	at java.sql/java.sql.DriverManager.getConnection(DriverManager.java:229)
	at core.utils.DatabaseConnectionManager.createConnection(DatabaseConnectionManager.java:43)
	at core.utils.DatabaseConnectionManager.<init>(DatabaseConnectionManager.java:21)
	at core.utils.DatabaseConnectionManager.getInstance(DatabaseConnectionManager.java:28)
	at tests.core.utils.DatabaseConnectionManagerTest.testConnectionReopensIfClosed(DatabaseConnectionManagerTest.java:37)
	at java.base/java.lang.reflect.Method.invoke(Method.java:568)
	at java.base/java.util.ArrayList.forEach(ArrayList.java:1511)
	at java.base/java.util.ArrayList.forEach(ArrayList.java:1511)

tests.core.utils.DatabaseConnectionManagerTest.testConnectionPropertiesLoaded -- Time elapsed: 0.007 s <<< ERROR!
java.sql.SQLSyntaxErrorException: Unknown database 'db_sysos_over_the_counter'
	at com.mysql.cj.jdbc.exceptions.SQLError.createSQLException(SQLError.java:112)
	at com.mysql.cj.jdbc.exceptions.SQLExceptionsMapping.translateException(SQLExceptionsMapping.java:114)
	at com.mysql.cj.jdbc.ConnectionImpl.createNewIO(ConnectionImpl.java:833)
	at com.mysql.cj.jdbc.ConnectionImpl.<init>(ConnectionImpl.java:416)
	at com.mysql.cj.jdbc.ConnectionImpl.getInstance(ConnectionImpl.java:238)
	at com.mysql.cj.jdbc.NonRegisteringDriver.connect(NonRegisteringDriver.java:180)
	at java.sql/java.sql.DriverManager.getConnection(DriverManager.java:681)
	at java.sql/java.sql.DriverManager.getConnection(DriverManager.java:229)
	at core.utils.DatabaseConnectionManager.createConnection(DatabaseConnectionManager.java:43)
	at core.utils.DatabaseConnectionManager.<init>(DatabaseConnectionManager.java:21)
	at core.utils.DatabaseConnectionManager.getInstance(DatabaseConnectionManager.java:28)
	at tests.core.utils.DatabaseConnectionManagerTest.testConnectionPropertiesLoaded(DatabaseConnectionManagerTest.java:50)
	at java.base/java.lang.reflect.Method.invoke(Method.java:568)
	at java.base/java.util.ArrayList.forEach(ArrayList.java:1511)
	at java.base/java.util.ArrayList.forEach(ArrayList.java:1511)

