-------------------------------------------------------------------------------
Test set: tests.core.billing.BasicBillTest
-------------------------------------------------------------------------------
Tests run: 1, Failures: 1, Errors: 0, Skipped: 0, Time elapsed: 0.043 s <<< FAILURE! -- in tests.core.billing.BasicBillTest
tests.core.billing.BasicBillTest.testPrint -- Time elapsed: 0.040 s <<< FAILURE!
org.opentest4j.AssertionFailedError: 
expected: <Item 1 x2 = 40.0
Item 2 x1 = 50.0
Total: 70.0
> but was: <Item 1 x2 = 20.0
Item 2 x1 = 50.0
Total: 70.0
>
	at org.junit.jupiter.api.AssertionFailureBuilder.build(AssertionFailureBuilder.java:151)
	at org.junit.jupiter.api.AssertionFailureBuilder.buildAndThrow(AssertionFailureBuilder.java:132)
	at org.junit.jupiter.api.AssertEquals.failNotEqual(AssertEquals.java:197)
	at org.junit.jupiter.api.AssertEquals.assertEquals(AssertEquals.java:182)
	at org.junit.jupiter.api.AssertEquals.assertEquals(AssertEquals.java:177)
	at org.junit.jupiter.api.Assertions.assertEquals(Assertions.java:1145)
	at tests.core.billing.BasicBillTest.testPrint(BasicBillTest.java:28)
	at java.base/java.lang.reflect.Method.invoke(Method.java:568)
	at java.base/java.util.ArrayList.forEach(ArrayList.java:1511)
	at java.base/java.util.ArrayList.forEach(ArrayList.java:1511)

