-------------------------------------------------------------------------------
Test set: tests.core.report.ReorderReportTest
-------------------------------------------------------------------------------
Tests run: 3, Failures: 0, Errors: 1, Skipped: 0, Time elapsed: 0.036 s <<< FAILURE! -- in tests.core.report.ReorderReportTest
tests.core.report.ReorderReportTest.testGenerate_ItemNotFound -- Time elapsed: 0.012 s <<< ERROR!
org.mockito.exceptions.base.MockitoException: 

Checked exception is invalid for this method!
Invalid: java.lang.Exception: Item not found
	at tests.core.report.ReorderReportTest.testGenerate_ItemNotFound(ReorderReportTest.java:75)
	at java.base/java.lang.reflect.Method.invoke(Method.java:568)
	at java.base/java.util.ArrayList.forEach(ArrayList.java:1511)
	at java.base/java.util.ArrayList.forEach(ArrayList.java:1511)

